#
# A fatal error has been detected by the Java Runtime Environment:
#
#  Internal Error (classFileParser.cpp:3161), pid=6136, tid=4924
#  Error: ShouldNotReachHere()
#
# JRE version: 6.0_21-b06
# Java VM: Java HotSpot(TM) Client VM (17.0-b16 mixed mode windows-x86 )
# If you would like to submit a bug report, please visit:
#   http://java.sun.com/webapps/bugreport/crash.jsp
#

---------------  T H R E A D  ---------------

Current thread (0x02119000):  JavaThread "Unknown thread" [_thread_in_vm, id=4924, stack(0x00240000,0x00290000)]

Stack: [0x00240000,0x00290000],  sp=0x0028f878,  free space=13e0028f888k
Native frames: (J=compiled Java code, j=interpreted, Vv=VM code, C=native code)
V  [jvm.dll+0x1fd090]
V  [jvm.dll+0xa47c9]
V  [jvm.dll+0x75f01]
V  [jvm.dll+0x775a4]
V  [jvm.dll+0x1cbcb5]
V  [jvm.dll+0x1cc3ed]
V  [jvm.dll+0x1cc7a5]
V  [jvm.dll+0x1cc7eb]
V  [jvm.dll+0x1cc912]
V  [jvm.dll+0x1cc98a]
V  [jvm.dll+0x1cce3d]
V  [jvm.dll+0x1cd252]
V  [jvm.dll+0x1eceb3]
V  [jvm.dll+0x1ed28c]
V  [jvm.dll+0xdb721]
V  [jvm.dll+0x1e6618]
V  [jvm.dll+0x1065d0]
C  [javaw.exe+0x1657]
C  [javaw.exe+0x1e2c]
C  [javaw.exe+0x8614]
C  [KERNEL32.DLL+0x17c04]
C  [ntdll.dll+0x5ab8f]
C  [ntdll.dll+0x5ab5a]


---------------  P R O C E S S  ---------------

Java Threads: ( => current thread )

Other Threads:

=>0x02119000 (exited) JavaThread "Unknown thread" [_thread_in_vm, id=4924, stack(0x00240000,0x00290000)]

VM state:not at safepoint (not fully initialized)

VM Mutex/Monitor currently owned by a thread: None

Dynamic libraries:
0x00400000 - 0x00424000 	C:\Program Files (x86)\Java\jre6\bin\javaw.exe
0x77430000 - 0x7759f000 	C:\Windows\SYSTEM32\ntdll.dll
0x75c10000 - 0x75d50000 	C:\Windows\SYSTEM32\KERNEL32.DLL
0x74c40000 - 0x74d17000 	C:\Windows\SYSTEM32\KERNELBASE.dll
0x75920000 - 0x7599c000 	C:\Windows\SYSTEM32\ADVAPI32.dll
0x75380000 - 0x754d3000 	C:\Windows\SYSTEM32\USER32.dll
0x75e20000 - 0x75ee3000 	C:\Windows\SYSTEM32\msvcrt.dll
0x75330000 - 0x75371000 	C:\Windows\SYSTEM32\sechost.dll
0x756a0000 - 0x7575a000 	C:\Windows\SYSTEM32\RPCRT4.dll
0x75f40000 - 0x7604f000 	C:\Windows\SYSTEM32\GDI32.dll
0x74c20000 - 0x74c3e000 	C:\Windows\SYSTEM32\SspiCli.dll
0x74c10000 - 0x74c1a000 	C:\Windows\SYSTEM32\CRYPTBASE.dll
0x74bb0000 - 0x74c04000 	C:\Windows\SYSTEM32\bcryptPrimitives.dll
0x750c0000 - 0x750e7000 	C:\Windows\system32\IMM32.DLL
0x75760000 - 0x75872000 	C:\Windows\SYSTEM32\MSCTF.dll
0x7c340000 - 0x7c396000 	C:\Program Files (x86)\Java\jre6\bin\msvcr71.dll
0x6d800000 - 0x6daa7000 	C:\Program Files (x86)\Java\jre6\bin\client\jvm.dll
0x74010000 - 0x74033000 	C:\Windows\SYSTEM32\WINMM.dll
0x73f70000 - 0x73f93000 	C:\Windows\SYSTEM32\WINMMBASE.dll
0x75080000 - 0x750bc000 	C:\Windows\SYSTEM32\cfgmgr32.dll
0x73f40000 - 0x73f61000 	C:\Windows\SYSTEM32\DEVOBJ.dll
0x6e6c0000 - 0x6e760000 	C:\Windows\system32\apphelp.dll
0x6d7b0000 - 0x6d7bc000 	C:\Program Files (x86)\Java\jre6\bin\verify.dll
0x6d330000 - 0x6d34f000 	C:\Program Files (x86)\Java\jre6\bin\java.dll
0x6d290000 - 0x6d298000 	C:\Program Files (x86)\Java\jre6\bin\hpi.dll
0x75b50000 - 0x75b56000 	C:\Windows\SYSTEM32\PSAPI.DLL
0x6d7f0000 - 0x6d7ff000 	C:\Program Files (x86)\Java\jre6\bin\zip.dll

VM Arguments:
jvm_args: -Dfile.encoding=Cp1252 -Xbootclasspath:D:\ADT\adt-bundle-windows-x86-20131030\sdk\platforms\android-19\android.jar 
java_command: MainActivity
Launcher Type: SUN_STANDARD

Environment Variables:
PATH=C:/Program Files (x86)/Java/jre6/bin/client;C:/Program Files (x86)/Java/jre6/bin;C:/Program Files (x86)/Java/jre6/lib/i386;C:\ProgramData\Oracle\Java\javapath;C:\Program Files (x86)\Common Files\ArcSoft\Bin;C:\Program Files (x86)\Intel\iCLS Client\;C:\Program Files\Intel\iCLS Client\;C:\Windows\system32;C:\Windows;C:\Windows\System32\Wbem;C:\Windows\System32\WindowsPowerShell\v1.0\;C:\Program Files (x86)\ATI Technologies\ATI.ACE\Core-Static;C:\Program Files\Intel\Intel(R) Management Engine Components\DAL;C:\Program Files (x86)\Intel\Intel(R) Management Engine Components\DAL;C:\Program Files\Intel\Intel(R) Management Engine Components\IPT;C:\Program Files (x86)\Intel\Intel(R) Management Engine Components\IPT;C:\Program Files (x86)\Common Files\lenovo\easyplussdk\bin;D:\ADT\adt-bundle-windows-x86-20131030\eclipse;
USERNAME=MASUD
OS=Windows_NT
PROCESSOR_IDENTIFIER=Intel64 Family 6 Model 61 Stepping 4, GenuineIntel



---------------  S Y S T E M  ---------------

OS: Windows NT 6.2 Build 9200 

CPU:total 4 (8 cores per cpu, 2 threads per core) family 6 model 61 stepping 4, cmov, cx8, fxsr, mmx, sse, sse2, sse3, ssse3, sse4.1, sse4.2, popcnt, ht

Memory: 4k page, physical 4082796k(2054140k free), swap 4803692k(2361468k free)

vm_info: Java HotSpot(TM) Client VM (17.0-b16) for windows-x86 JRE (1.6.0_21-b06), built on Jun 22 2010 00:56:49 by "java_re" with MS VC++ 7.1 (VS2003)

time: Sun Apr 03 10:15:43 2016
elapsed time: 0 seconds

